#
# There is insufficient memory for the Java Runtime Environment to continue.
# Native memory allocation (mmap) failed to map 132120576 bytes for G1 virtual space
# Possible reasons:
#   The system is out of physical RAM or swap space
#   The process is running with CompressedOops enabled, and the Java Heap may be blocking the growth of the native heap
# Possible solutions:
#   Reduce memory load on the system
#   Increase physical memory or swap space
#   Check if swap backing store is full
#   Decrease Java heap size (-Xmx/-Xms)
#   Decrease number of Java threads
#   Decrease Java thread stack sizes (-Xss)
#   Set larger code cache with -XX:ReservedCodeCacheSize=
#   JVM is running with Unscaled Compressed Oops mode in which the Java heap is
#     placed in the first 4GB address space. The Java Heap base address is the
#     maximum limit for the native heap growth. Please use -XX:HeapBaseMinAddress
#     to set the Java Heap base and to place the Java Heap above 4GB virtual address.
# This output file may be truncated or incomplete.
#
#  Out of Memory Error (os_windows.cpp:3769), pid=4544, tid=17932
#
# JRE version:  (17.0.6+7) (build )
# Java VM: OpenJDK 64-Bit Server VM (17.0.6+7-b469.82, mixed mode, sharing, tiered, compressed oops, compressed class ptrs, g1 gc, windows-amd64)
# No core dump will be written. Minidumps are not enabled by default on client versions of Windows
#

---------------  S U M M A R Y ------------

Command Line: git4idea.http.GitAskPassApp Username for 'https://github.com': 

Host: AMD Ryzen 7 5800H with Radeon Graphics         , 16 cores, 7G,  Windows 11 , 64 bit Build 22621 (10.0.22621.3958)
Time: Sun Oct 20 03:13:39 2024 Egypt Daylight Time elapsed time: 0.010114 seconds (0d 0h 0m 0s)

---------------  T H R E A D  ---------------

Current thread (0x000002598c063680):  JavaThread "Unknown thread" [_thread_in_vm, id=17932, stack(0x0000007867900000,0x0000007867a00000)]

Stack: [0x0000007867900000,0x0000007867a00000]
Native frames: (J=compiled Java code, j=interpreted, Vv=VM code, C=native code)
V  [jvm.dll+0x683b4a]
V  [jvm.dll+0x842654]
V  [jvm.dll+0x843dfe]
V  [jvm.dll+0x844463]
V  [jvm.dll+0x249b75]
V  [jvm.dll+0x680a19]
V  [jvm.dll+0x674f0a]
V  [jvm.dll+0x309acb]
V  [jvm.dll+0x310f86]
V  [jvm.dll+0x3608ee]
V  [jvm.dll+0x360b1f]
V  [jvm.dll+0x2dfbf8]
V  [jvm.dll+0x2e0b64]
V  [jvm.dll+0x813f41]
V  [jvm.dll+0x36e6a1]
V  [jvm.dll+0x7f347c]
V  [jvm.dll+0x3f0e8f]
V  [jvm.dll+0x3f29d1]
C  [jli.dll+0x526b]
C  [ucrtbase.dll+0x29333]
C  [KERNEL32.DLL+0x1257d]
C  [ntdll.dll+0x5af08]


---------------  P R O C E S S  ---------------

Threads class SMR info:
_java_thread_list=0x00007ff86de5c058, length=0, elements={
}

Java Threads: ( => current thread )

Other Threads:
  0x000002598c0bf340 GCTaskThread "GC Thread#0" [stack: 0x0000007867a00000,0x0000007867b00000] [id=3608]
  0x000002598c0cfe00 ConcurrentGCThread "G1 Main Marker" [stack: 0x0000007867b00000,0x0000007867c00000] [id=8328]
  0x000002598c0d0fb0 ConcurrentGCThread "G1 Conc#0" [stack: 0x0000007867c00000,0x0000007867d00000] [id=30716]

[error occurred during error reporting (printing all threads), id 0xc0000005, EXCEPTION_ACCESS_VIOLATION (0xc0000005) at pc=0x00007ff86d610797]

VM state: not at safepoint (not fully initialized)

VM Mutex/Monitor currently owned by a thread:  ([mutex/lock_event])
[0x000002598c05d9c0] Heap_lock - owner thread: 0x000002598c063680

Heap address: 0x0000000082400000, size: 2012 MB, Compressed Oops mode: 32-bit

CDS archive(s) mapped at: [0x0000000000000000-0x0000000000000000-0x0000000000000000), size 0, SharedBaseAddress: 0x0000000800000000, ArchiveRelocationMode: 0.
Narrow klass base: 0x0000000000000000, Narrow klass shift: 0, Narrow klass range: 0x0

GC Precious Log:
<Empty>

Heap:
 garbage-first heap   total 0K, used 0K [0x0000000082400000, 0x0000000100000000)
  region size 1024K, 0 young (0K), 0 survivors (0K)

[error occurred during error reporting (printing heap information), id 0xc0000005, EXCEPTION_ACCESS_VIOLATION (0xc0000005) at pc=0x00007ff86d9fd939]

GC Heap History (0 events):
No events

Dll operation events (1 events):
Event: 0.006 Loaded shared library C:\Users\Zeyad\.jbr\jbr_jcef-17.0.6-windows-x64-b469.82\bin\java.dll

Deoptimization events (0 events):
No events

Classes unloaded (0 events):
No events

Classes redefined (0 events):
No events

Internal exceptions (0 events):
No events

VM Operations (0 events):
No events

Events (0 events):
No events


Dynamic libraries:
0x00007ff6401d0000 - 0x00007ff6401da000 	C:\Users\Zeyad\.jbr\jbr_jcef-17.0.6-windows-x64-b469.82\bin\java.exe
0x00007ff9011b0000 - 0x00007ff9013c7000 	C:\WINDOWS\SYSTEM32\ntdll.dll
0x00007ff9004d0000 - 0x00007ff900594000 	C:\WINDOWS\System32\KERNEL32.DLL
0x00007ff8fe600000 - 0x00007ff8fe9b7000 	C:\WINDOWS\System32\KERNELBASE.dll
0x00007ff8feae0000 - 0x00007ff8febf1000 	C:\WINDOWS\System32\ucrtbase.dll
0x00007ff8b71a0000 - 0x00007ff8b71b7000 	C:\Users\Zeyad\.jbr\jbr_jcef-17.0.6-windows-x64-b469.82\bin\jli.dll
0x00007ff9005a0000 - 0x00007ff90074f000 	C:\WINDOWS\System32\USER32.dll
0x00007ff8b6710000 - 0x00007ff8b672b000 	C:\Users\Zeyad\.jbr\jbr_jcef-17.0.6-windows-x64-b469.82\bin\VCRUNTIME140.dll
0x00007ff8fe5d0000 - 0x00007ff8fe5f6000 	C:\WINDOWS\System32\win32u.dll
0x00007ff8f1850000 - 0x00007ff8f1ae3000 	C:\WINDOWS\WinSxS\amd64_microsoft.windows.common-controls_6595b64144ccf1df_6.0.22621.3672_none_2713b9d173822955\COMCTL32.dll
0x00007ff900e70000 - 0x00007ff900e99000 	C:\WINDOWS\System32\GDI32.dll
0x00007ff8fe9c0000 - 0x00007ff8fead8000 	C:\WINDOWS\System32\gdi32full.dll
0x00007ff900c30000 - 0x00007ff900cd7000 	C:\WINDOWS\System32\msvcrt.dll
0x00007ff8fe530000 - 0x00007ff8fe5ca000 	C:\WINDOWS\System32\msvcp_win.dll
0x00007ff900860000 - 0x00007ff900891000 	C:\WINDOWS\System32\IMM32.DLL
0x00007ff8dbed0000 - 0x00007ff8dbedc000 	C:\Users\Zeyad\.jbr\jbr_jcef-17.0.6-windows-x64-b469.82\bin\vcruntime140_1.dll
0x00007ff87ec20000 - 0x00007ff87ecad000 	C:\Users\Zeyad\.jbr\jbr_jcef-17.0.6-windows-x64-b469.82\bin\msvcp140.dll
0x00007ff86d320000 - 0x00007ff86df8d000 	C:\Users\Zeyad\.jbr\jbr_jcef-17.0.6-windows-x64-b469.82\bin\server\jvm.dll
0x00007ff900ce0000 - 0x00007ff900d92000 	C:\WINDOWS\System32\ADVAPI32.dll
0x00007ff9007b0000 - 0x00007ff900858000 	C:\WINDOWS\System32\sechost.dll
0x00007ff8feeb0000 - 0x00007ff8feed8000 	C:\WINDOWS\System32\bcrypt.dll
0x00007ff900ea0000 - 0x00007ff900fb4000 	C:\WINDOWS\System32\RPCRT4.dll
0x00007ff8fb190000 - 0x00007ff8fb199000 	C:\WINDOWS\SYSTEM32\WSOCK32.dll
0x00007ff8f9920000 - 0x00007ff8f9954000 	C:\WINDOWS\SYSTEM32\WINMM.dll
0x00007ff8ff3c0000 - 0x00007ff8ff431000 	C:\WINDOWS\System32\WS2_32.dll
0x00007ff8f7210000 - 0x00007ff8f721a000 	C:\WINDOWS\SYSTEM32\VERSION.dll
0x00007ff8fd4d0000 - 0x00007ff8fd4e8000 	C:\WINDOWS\SYSTEM32\kernel.appcore.dll
0x00007ff8f9ab0000 - 0x00007ff8f9aba000 	C:\Users\Zeyad\.jbr\jbr_jcef-17.0.6-windows-x64-b469.82\bin\jimage.dll
0x00007ff8fc040000 - 0x00007ff8fc272000 	C:\WINDOWS\SYSTEM32\DBGHELP.DLL
0x00007ff9008a0000 - 0x00007ff900c2e000 	C:\WINDOWS\System32\combase.dll
0x00007ff900fc0000 - 0x00007ff901097000 	C:\WINDOWS\System32\OLEAUT32.dll
0x00007ff8ec4d0000 - 0x00007ff8ec502000 	C:\WINDOWS\SYSTEM32\dbgcore.DLL
0x00007ff8fee30000 - 0x00007ff8feeab000 	C:\WINDOWS\System32\bcryptPrimitives.dll
0x00007ff8f6570000 - 0x00007ff8f6595000 	C:\Users\Zeyad\.jbr\jbr_jcef-17.0.6-windows-x64-b469.82\bin\java.dll

dbghelp: loaded successfully - version: 4.0.5 - missing functions: none
symbol engine: initialized successfully - sym options: 0x614 - pdb path: .;C:\Users\Zeyad\.jbr\jbr_jcef-17.0.6-windows-x64-b469.82\bin;C:\WINDOWS\SYSTEM32;C:\WINDOWS\WinSxS\amd64_microsoft.windows.common-controls_6595b64144ccf1df_6.0.22621.3672_none_2713b9d173822955;C:\Users\Zeyad\.jbr\jbr_jcef-17.0.6-windows-x64-b469.82\bin\server

VM Arguments:
java_command: git4idea.http.GitAskPassApp Username for 'https://github.com': 
java_class_path (initial): C:/Program Files/Android/Android Studio/plugins/git4idea/lib/git4idea-rt.jar;C:/Program Files/Android/Android Studio/lib/externalProcess-rt.jar;C:/Program Files/Android/Android Studio/lib/app.jar;C:/Program Files/Android/Android Studio/lib/3rd-party-rt.jar
Launcher Type: SUN_STANDARD

[Global flags]
     intx CICompilerCount                          = 12                                        {product} {ergonomic}
     uint ConcGCThreads                            = 3                                         {product} {ergonomic}
     uint G1ConcRefinementThreads                  = 13                                        {product} {ergonomic}
   size_t G1HeapRegionSize                         = 1048576                                   {product} {ergonomic}
    uintx GCDrainStackTargetSize                   = 64                                        {product} {ergonomic}
   size_t InitialHeapSize                          = 132120576                                 {product} {ergonomic}
   size_t MarkStackSize                            = 4194304                                   {product} {ergonomic}
   size_t MaxHeapSize                              = 2109734912                                {product} {ergonomic}
   size_t MinHeapDeltaBytes                        = 1048576                                   {product} {ergonomic}
   size_t MinHeapSize                              = 8388608                                   {product} {ergonomic}
    uintx NonNMethodCodeHeapSize                   = 7602480                                {pd product} {ergonomic}
    uintx NonProfiledCodeHeapSize                  = 122027880                              {pd product} {ergonomic}
    uintx ProfiledCodeHeapSize                     = 122027880                              {pd product} {ergonomic}
    uintx ReservedCodeCacheSize                    = 251658240                              {pd product} {ergonomic}
     bool SegmentedCodeCache                       = true                                      {product} {ergonomic}
   size_t SoftMaxHeapSize                          = 2109734912                             {manageable} {ergonomic}
     bool UseCompressedClassPointers               = true                           {product lp64_product} {ergonomic}
     bool UseCompressedOops                        = true                           {product lp64_product} {ergonomic}
     bool UseG1GC                                  = true                                      {product} {ergonomic}
     bool UseLargePagesIndividualAllocation        = false                                  {pd product} {ergonomic}

Logging:
Log output configuration:
 #0: stdout all=warning uptime,level,tags
 #1: stderr all=off uptime,level,tags

Environment Variables:
JAVA_HOME=C:\Program Files\Java\jdk-18.0.2.1
CLASSPATH=C:\Program Files\Java\jdk1.8.0_171\lib
PATH=C:\Program Files\Git\mingw64\libexec\git-core;C:\Program Files\Git\mingw64\libexec\git-core;C:\Program Files\Git\mingw64\bin;C:\Program Files\Git\usr\bin;C:\Users\Zeyad\bin;C:\Program Files\Common Files\Oracle\Java\javapath;C:\Program Files\BellSoft\LibericaJDK-11\bin;C:\msys64\mingw64\bin;C:\Program Files (x86)\VMware\VMware Workstation\bin;C:\Windows\system32;C:\Windows;C:\Windows\System32\Wbem;C:\Windows\System32\WindowsPowerShell\v1.0;C:\Windows\System32\OpenSSH;C:\Program Files (x86)\NVIDIA Corporation\PhysX\Common;C:\Program Files\Java\jdk1.8.0_341\bin;C:\ProgramData\chocolatey\bin;C:\Program Files\NVIDIA Corporation\NVIDIA NvDLISR;C:\WINDOWS\system32;C:\WINDOWS;C:\WINDOWS\System32\Wbem;C:\WINDOWS\System32\WindowsPowerShell\v1.0;C:\WINDOWS\System32\OpenSSH;C:\Program Files\Git\cmd;C:\Program Files\dotnet;C:\Program Files\Java\jdk-18.0.2.1\bin;C:\Program Files\Java\jdk1.8.0_171\bin;C:\Users\Zeyad\AppData\Local\Programs\Microsoft VS Code\bin;D:\Other  (T)\dart\dart\bin;C:\Users\Zeyad\AppData\Local\Microsoft\WindowsApps;C:\Program Files\JetBrains\IntelliJ IDEA Community Edition 2023.1.2\bin;C:\Users\Zeyad\.jdks\openjdk-18.0.2\bin
USERNAME=Zeyad
DISPLAY=:0.0
LC_ALL=en_US.UTF-8
TERM=xterm-256color
TMPDIR=C:\Users\Zeyad\AppData\Local\Temp
OS=Windows_NT
PROCESSOR_IDENTIFIER=AMD64 Family 25 Model 80 Stepping 0, AuthenticAMD
TMP=C:\Users\Zeyad\AppData\Local\Temp
TEMP=C:\Users\Zeyad\AppData\Local\Temp



---------------  S Y S T E M  ---------------

OS:
 Windows 11 , 64 bit Build 22621 (10.0.22621.3958)
OS uptime: 1 days 10:07 hours
Hyper-V role detected

CPU: total 16 (initial active 16) (16 cores per cpu, 2 threads per core) family 25 model 80 stepping 0 microcode 0x0, cx8, cmov, fxsr, ht, mmx, 3dnowpref, sse, sse2, sse3, ssse3, sse4a, sse4.1, sse4.2, popcnt, lzcnt, tsc, tscinvbit, avx, avx2, aes, erms, clmul, bmi1, bmi2, adx, sha, fma, vzeroupper, clflush, clflushopt, hv

Memory: 4k page, system-wide physical 8044M (1152M free)
TotalPageFile size 17916M (AvailPageFile size 27M)
current process WorkingSet (physical memory assigned to process): 11M, peak: 11M
current process commit charge ("private bytes"): 70M, peak: 196M

vm_info: OpenJDK 64-Bit Server VM (17.0.6+7-b469.82) for windows-amd64 JRE (17.0.6+7-b469.82), built on 2023-03-05 by "builduser" with MS VC++ 16.10 / 16.11 (VS2019)

END.
